2024-11-18 16:40:50,574 ERROR Main: Horses list is empty
2024-11-18 16:40:50,591 ERROR Main: Horses list is null
2024-11-18 16:40:50,594 ERROR Main: Horses list is null
2024-11-18 16:40:50,601 DEBUG Main: Создание Horse, имя 0, скорость 1.0
2024-11-18 16:40:50,601 DEBUG Main: Создание Horse, имя 1, скорость 1.0
2024-11-18 16:40:50,601 DEBUG Main: Создание Horse, имя 2, скорость 1.0
2024-11-18 16:40:50,602 DEBUG Main: Создание Horse, имя 3, скорость 1.0
2024-11-18 16:40:50,602 DEBUG Main: Создание Horse, имя 4, скорость 1.0
2024-11-18 16:40:50,602 DEBUG Main: Создание Horse, имя 5, скорость 1.0
2024-11-18 16:40:50,602 DEBUG Main: Создание Horse, имя 6, скорость 1.0
2024-11-18 16:40:50,602 DEBUG Main: Создание Horse, имя 7, скорость 1.0
2024-11-18 16:40:50,602 DEBUG Main: Создание Horse, имя 8, скорость 1.0
2024-11-18 16:40:50,602 DEBUG Main: Создание Horse, имя 9, скорость 1.0
2024-11-18 16:40:50,602 DEBUG Main: Создание Horse, имя 10, скорость 1.0
2024-11-18 16:40:50,602 DEBUG Main: Создание Horse, имя 11, скорость 1.0
2024-11-18 16:40:50,602 DEBUG Main: Создание Horse, имя 12, скорость 1.0
2024-11-18 16:40:50,603 DEBUG Main: Создание Horse, имя 13, скорость 1.0
2024-11-18 16:40:50,603 DEBUG Main: Создание Horse, имя 14, скорость 1.0
2024-11-18 16:40:50,603 DEBUG Main: Создание Horse, имя 15, скорость 1.0
2024-11-18 16:40:50,603 DEBUG Main: Создание Horse, имя 16, скорость 1.0
2024-11-18 16:40:50,603 DEBUG Main: Создание Horse, имя 17, скорость 1.0
2024-11-18 16:40:50,603 DEBUG Main: Создание Horse, имя 18, скорость 1.0
2024-11-18 16:40:50,603 DEBUG Main: Создание Horse, имя 19, скорость 1.0
2024-11-18 16:40:50,603 DEBUG Main: Создание Horse, имя 20, скорость 1.0
2024-11-18 16:40:50,603 DEBUG Main: Создание Horse, имя 21, скорость 1.0
2024-11-18 16:40:50,603 DEBUG Main: Создание Horse, имя 22, скорость 1.0
2024-11-18 16:40:50,603 DEBUG Main: Создание Horse, имя 23, скорость 1.0
2024-11-18 16:40:50,603 DEBUG Main: Создание Horse, имя 24, скорость 1.0
2024-11-18 16:40:50,603 DEBUG Main: Создание Horse, имя 25, скорость 1.0
2024-11-18 16:40:50,603 DEBUG Main: Создание Horse, имя 26, скорость 1.0
2024-11-18 16:40:50,603 DEBUG Main: Создание Horse, имя 27, скорость 1.0
2024-11-18 16:40:50,604 DEBUG Main: Создание Horse, имя 28, скорость 1.0
2024-11-18 16:40:50,604 DEBUG Main: Создание Horse, имя 29, скорость 1.0
2024-11-18 16:40:50,604 DEBUG Main: Создание Hippodrome, лошадей 30
2024-11-18 16:40:50,775 DEBUG Main: Создание Hippodrome, лошадей 50
2024-11-18 16:40:50,832 DEBUG Main: Создание Horse, имя 0, скорость 1.0
2024-11-18 16:40:50,832 DEBUG Main: Создание Horse, имя 1, скорость 1.0
2024-11-18 16:40:50,832 DEBUG Main: Создание Horse, имя 2, скорость 1.0
2024-11-18 16:40:50,832 DEBUG Main: Создание Horse, имя 3, скорость 1.0
2024-11-18 16:40:50,832 DEBUG Main: Создание Horse, имя 4, скорость 1.0
2024-11-18 16:40:50,832 DEBUG Main: Создание Horse, имя 5, скорость 1.0
2024-11-18 16:40:50,832 DEBUG Main: Создание Horse, имя 6, скорость 1.0
2024-11-18 16:40:50,832 DEBUG Main: Создание Horse, имя 7, скорость 1.0
2024-11-18 16:40:50,832 DEBUG Main: Создание Horse, имя 8, скорость 1.0
2024-11-18 16:40:50,833 DEBUG Main: Создание Horse, имя 9, скорость 1.0
2024-11-18 16:40:50,833 DEBUG Main: Создание Horse, имя 10, скорость 1.0
2024-11-18 16:40:50,833 DEBUG Main: Создание Horse, имя 11, скорость 1.0
2024-11-18 16:40:50,833 DEBUG Main: Создание Horse, имя 12, скорость 1.0
2024-11-18 16:40:50,833 DEBUG Main: Создание Horse, имя 13, скорость 1.0
2024-11-18 16:40:50,833 DEBUG Main: Создание Horse, имя 14, скорость 1.0
2024-11-18 16:40:50,833 DEBUG Main: Создание Horse, имя 15, скорость 1.0
2024-11-18 16:40:50,833 DEBUG Main: Создание Horse, имя 16, скорость 1.0
2024-11-18 16:40:50,833 DEBUG Main: Создание Horse, имя 17, скорость 1.0
2024-11-18 16:40:50,833 DEBUG Main: Создание Horse, имя 18, скорость 1.0
2024-11-18 16:40:50,833 DEBUG Main: Создание Horse, имя 19, скорость 1.0
2024-11-18 16:40:50,833 DEBUG Main: Создание Horse, имя 20, скорость 1.0
2024-11-18 16:40:50,833 DEBUG Main: Создание Horse, имя 21, скорость 1.0
2024-11-18 16:40:50,834 DEBUG Main: Создание Horse, имя 22, скорость 1.0
2024-11-18 16:40:50,834 DEBUG Main: Создание Horse, имя 23, скорость 1.0
2024-11-18 16:40:50,834 DEBUG Main: Создание Horse, имя 24, скорость 1.0
2024-11-18 16:40:50,834 DEBUG Main: Создание Horse, имя 25, скорость 1.0
2024-11-18 16:40:50,834 DEBUG Main: Создание Horse, имя 26, скорость 1.0
2024-11-18 16:40:50,834 DEBUG Main: Создание Horse, имя 27, скорость 1.0
2024-11-18 16:40:50,834 DEBUG Main: Создание Horse, имя 28, скорость 1.0
2024-11-18 16:40:50,834 DEBUG Main: Создание Horse, имя 29, скорость 1.0
2024-11-18 16:40:50,834 DEBUG Main: Создание Hippodrome, лошадей 30
2024-11-18 16:40:50,841 ERROR Main: Horses list is empty
2024-11-18 16:41:07,516 DEBUG Main: Создание Horse, имя Лошадка, скорость 1.0
2024-11-18 16:41:07,663 DEBUG Main: Создание Horse, имя Лошадка, скорость 1.0
2024-11-18 16:41:07,687 ERROR Main: Name is blank
2024-11-18 16:41:07,712 DEBUG Main: Создание Horse, имя Лошадка, скорость 1.0
2024-11-18 16:41:07,712 ERROR Main: Name is blank
2024-11-18 16:41:07,729 DEBUG Main: Создание Horse, имя Лошадка, скорость 1.0
2024-11-18 16:41:07,729 ERROR Main: Name is blank
2024-11-18 16:41:07,742 DEBUG Main: Создание Horse, имя Лошадка, скорость 1.0
2024-11-18 16:41:07,743 ERROR Main: Distance is negative
2024-11-18 16:41:07,751 DEBUG Main: Создание Horse, имя Лошадка, скорость 1.0
2024-11-18 16:41:07,769 DEBUG Main: Создание Horse, имя Лошадка, скорость 1.0
2024-11-18 16:41:07,778 DEBUG Main: Создание Horse, имя Лошадка, скорость 1.0
2024-11-18 16:41:07,779 ERROR Main: Name is null
2024-11-18 16:41:07,791 DEBUG Main: Создание Horse, имя Лошадка, скорость 1.0
2024-11-18 16:41:07,793 ERROR Main: Name is blank
2024-11-18 16:41:07,799 DEBUG Main: Создание Horse, имя Лошадка, скорость 1.0
2024-11-18 16:41:07,800 ERROR Main: Name is blank
2024-11-18 16:41:07,815 DEBUG Main: Создание Horse, имя Лошадка, скорость 1.0
2024-11-18 16:41:07,815 ERROR Main: Name is blank
2024-11-18 16:41:07,821 DEBUG Main: Создание Horse, имя Лошадка, скорость 1.0
2024-11-18 16:41:07,821 ERROR Main: Name is null
2024-11-18 16:41:07,857 DEBUG Main: Создание Horse, имя Лошадка, скорость 1.0
2024-11-18 16:41:07,869 DEBUG Main: Создание Horse, имя Лошадка, скорость 1.0
2024-11-18 16:41:07,870 ERROR Main: Distance is negative
2024-11-18 16:41:07,875 DEBUG Main: Создание Horse, имя Лошадка, скорость 1.0
2024-11-18 16:41:07,879 DEBUG Main: Создание Horse, имя Лошадка, скорость 1.0
2024-11-18 16:41:07,879 DEBUG Main: Создание Horse, имя horse, скорость 1.0
2024-11-18 16:41:07,887 DEBUG Main: Создание Horse, имя Лошадка, скорость 1.0
2024-11-18 16:41:07,889 ERROR Main: Speed is negative
2024-11-18 16:41:07,893 DEBUG Main: Создание Horse, имя Лошадка, скорость 1.0
2024-11-18 16:41:07,893 ERROR Main: Speed is negative
2024-11-18 16:42:47,160 ERROR Main: Horses list is empty
2024-11-18 16:42:47,174 ERROR Main: Horses list is null
2024-11-18 16:42:47,178 ERROR Main: Horses list is null
2024-11-18 16:42:47,184 DEBUG Main: Создание Horse, имя 0, скорость 1.0
2024-11-18 16:42:47,185 DEBUG Main: Создание Horse, имя 1, скорость 1.0
2024-11-18 16:42:47,185 DEBUG Main: Создание Horse, имя 2, скорость 1.0
2024-11-18 16:42:47,185 DEBUG Main: Создание Horse, имя 3, скорость 1.0
2024-11-18 16:42:47,185 DEBUG Main: Создание Horse, имя 4, скорость 1.0
2024-11-18 16:42:47,185 DEBUG Main: Создание Horse, имя 5, скорость 1.0
2024-11-18 16:42:47,185 DEBUG Main: Создание Horse, имя 6, скорость 1.0
2024-11-18 16:42:47,185 DEBUG Main: Создание Horse, имя 7, скорость 1.0
2024-11-18 16:42:47,185 DEBUG Main: Создание Horse, имя 8, скорость 1.0
2024-11-18 16:42:47,185 DEBUG Main: Создание Horse, имя 9, скорость 1.0
2024-11-18 16:42:47,185 DEBUG Main: Создание Horse, имя 10, скорость 1.0
2024-11-18 16:42:47,185 DEBUG Main: Создание Horse, имя 11, скорость 1.0
2024-11-18 16:42:47,186 DEBUG Main: Создание Horse, имя 12, скорость 1.0
2024-11-18 16:42:47,186 DEBUG Main: Создание Horse, имя 13, скорость 1.0
2024-11-18 16:42:47,186 DEBUG Main: Создание Horse, имя 14, скорость 1.0
2024-11-18 16:42:47,186 DEBUG Main: Создание Horse, имя 15, скорость 1.0
2024-11-18 16:42:47,186 DEBUG Main: Создание Horse, имя 16, скорость 1.0
2024-11-18 16:42:47,186 DEBUG Main: Создание Horse, имя 17, скорость 1.0
2024-11-18 16:42:47,186 DEBUG Main: Создание Horse, имя 18, скорость 1.0
2024-11-18 16:42:47,186 DEBUG Main: Создание Horse, имя 19, скорость 1.0
2024-11-18 16:42:47,186 DEBUG Main: Создание Horse, имя 20, скорость 1.0
2024-11-18 16:42:47,186 DEBUG Main: Создание Horse, имя 21, скорость 1.0
2024-11-18 16:42:47,186 DEBUG Main: Создание Horse, имя 22, скорость 1.0
2024-11-18 16:42:47,186 DEBUG Main: Создание Horse, имя 23, скорость 1.0
2024-11-18 16:42:47,186 DEBUG Main: Создание Horse, имя 24, скорость 1.0
2024-11-18 16:42:47,187 DEBUG Main: Создание Horse, имя 25, скорость 1.0
2024-11-18 16:42:47,187 DEBUG Main: Создание Horse, имя 26, скорость 1.0
2024-11-18 16:42:47,187 DEBUG Main: Создание Horse, имя 27, скорость 1.0
2024-11-18 16:42:47,187 DEBUG Main: Создание Horse, имя 28, скорость 1.0
2024-11-18 16:42:47,187 DEBUG Main: Создание Horse, имя 29, скорость 1.0
2024-11-18 16:42:47,187 DEBUG Main: Создание Hippodrome, лошадей 30
2024-11-18 16:42:47,298 DEBUG Main: Создание Hippodrome, лошадей 50
2024-11-18 16:42:47,350 DEBUG Main: Создание Horse, имя 0, скорость 1.0
2024-11-18 16:42:47,351 DEBUG Main: Создание Horse, имя 1, скорость 1.0
2024-11-18 16:42:47,351 DEBUG Main: Создание Horse, имя 2, скорость 1.0
2024-11-18 16:42:47,351 DEBUG Main: Создание Horse, имя 3, скорость 1.0
2024-11-18 16:42:47,351 DEBUG Main: Создание Horse, имя 4, скорость 1.0
2024-11-18 16:42:47,351 DEBUG Main: Создание Horse, имя 5, скорость 1.0
2024-11-18 16:42:47,351 DEBUG Main: Создание Horse, имя 6, скорость 1.0
2024-11-18 16:42:47,351 DEBUG Main: Создание Horse, имя 7, скорость 1.0
2024-11-18 16:42:47,351 DEBUG Main: Создание Horse, имя 8, скорость 1.0
2024-11-18 16:42:47,351 DEBUG Main: Создание Horse, имя 9, скорость 1.0
2024-11-18 16:42:47,351 DEBUG Main: Создание Horse, имя 10, скорость 1.0
2024-11-18 16:42:47,351 DEBUG Main: Создание Horse, имя 11, скорость 1.0
2024-11-18 16:42:47,351 DEBUG Main: Создание Horse, имя 12, скорость 1.0
2024-11-18 16:42:47,351 DEBUG Main: Создание Horse, имя 13, скорость 1.0
2024-11-18 16:42:47,352 DEBUG Main: Создание Horse, имя 14, скорость 1.0
2024-11-18 16:42:47,352 DEBUG Main: Создание Horse, имя 15, скорость 1.0
2024-11-18 16:42:47,352 DEBUG Main: Создание Horse, имя 16, скорость 1.0
2024-11-18 16:42:47,352 DEBUG Main: Создание Horse, имя 17, скорость 1.0
2024-11-18 16:42:47,352 DEBUG Main: Создание Horse, имя 18, скорость 1.0
2024-11-18 16:42:47,352 DEBUG Main: Создание Horse, имя 19, скорость 1.0
2024-11-18 16:42:47,352 DEBUG Main: Создание Horse, имя 20, скорость 1.0
2024-11-18 16:42:47,352 DEBUG Main: Создание Horse, имя 21, скорость 1.0
2024-11-18 16:42:47,352 DEBUG Main: Создание Horse, имя 22, скорость 1.0
2024-11-18 16:42:47,352 DEBUG Main: Создание Horse, имя 23, скорость 1.0
2024-11-18 16:42:47,352 DEBUG Main: Создание Horse, имя 24, скорость 1.0
2024-11-18 16:42:47,352 DEBUG Main: Создание Horse, имя 25, скорость 1.0
2024-11-18 16:42:47,352 DEBUG Main: Создание Horse, имя 26, скорость 1.0
2024-11-18 16:42:47,352 DEBUG Main: Создание Horse, имя 27, скорость 1.0
2024-11-18 16:42:47,352 DEBUG Main: Создание Horse, имя 28, скорость 1.0
2024-11-18 16:42:47,353 DEBUG Main: Создание Horse, имя 29, скорость 1.0
2024-11-18 16:42:47,353 DEBUG Main: Создание Hippodrome, лошадей 30
2024-11-18 16:42:47,356 ERROR Main: Horses list is empty
2024-11-18 16:42:56,928 DEBUG Main: Создание Horse, имя Лошадка, скорость 1.0
2024-11-18 16:42:57,070 DEBUG Main: Создание Horse, имя Лошадка, скорость 1.0
2024-11-18 16:42:57,096 ERROR Main: Name is blank
2024-11-18 16:42:57,117 DEBUG Main: Создание Horse, имя Лошадка, скорость 1.0
2024-11-18 16:42:57,118 ERROR Main: Name is blank
2024-11-18 16:42:57,134 DEBUG Main: Создание Horse, имя Лошадка, скорость 1.0
2024-11-18 16:42:57,134 ERROR Main: Name is blank
2024-11-18 16:42:57,140 DEBUG Main: Создание Horse, имя Лошадка, скорость 1.0
2024-11-18 16:42:57,140 ERROR Main: Distance is negative
2024-11-18 16:42:57,144 DEBUG Main: Создание Horse, имя Лошадка, скорость 1.0
2024-11-18 16:42:57,147 DEBUG Main: Создание Horse, имя Лошадка, скорость 1.0
2024-11-18 16:42:57,150 DEBUG Main: Создание Horse, имя Лошадка, скорость 1.0
2024-11-18 16:42:57,151 ERROR Main: Name is null
2024-11-18 16:42:57,158 DEBUG Main: Создание Horse, имя Лошадка, скорость 1.0
2024-11-18 16:42:57,159 ERROR Main: Name is blank
2024-11-18 16:42:57,164 DEBUG Main: Создание Horse, имя Лошадка, скорость 1.0
2024-11-18 16:42:57,164 ERROR Main: Name is blank
2024-11-18 16:42:57,170 DEBUG Main: Создание Horse, имя Лошадка, скорость 1.0
2024-11-18 16:42:57,171 ERROR Main: Name is blank
2024-11-18 16:42:57,179 DEBUG Main: Создание Horse, имя Лошадка, скорость 1.0
2024-11-18 16:42:57,179 ERROR Main: Name is null
2024-11-18 16:42:57,214 DEBUG Main: Создание Horse, имя Лошадка, скорость 1.0
2024-11-18 16:42:57,226 DEBUG Main: Создание Horse, имя Лошадка, скорость 1.0
2024-11-18 16:42:57,226 ERROR Main: Distance is negative
2024-11-18 16:42:57,230 DEBUG Main: Создание Horse, имя Лошадка, скорость 1.0
2024-11-18 16:42:57,235 DEBUG Main: Создание Horse, имя Лошадка, скорость 1.0
2024-11-18 16:42:57,235 DEBUG Main: Создание Horse, имя horse, скорость 1.0
2024-11-18 16:42:57,241 DEBUG Main: Создание Horse, имя Лошадка, скорость 1.0
2024-11-18 16:42:57,242 ERROR Main: Speed is negative
2024-11-18 16:42:57,244 DEBUG Main: Создание Horse, имя Лошадка, скорость 1.0
2024-11-18 16:42:57,245 ERROR Main: Speed is negative
2024-11-18 16:52:17,385 ERROR Main: Horses list is empty
2024-11-18 16:52:17,405 ERROR Main: Horses list is null
2024-11-18 16:52:17,411 ERROR Main: Horses list is null
2024-11-18 16:52:17,426 DEBUG Main: Создание Horse, имя 0, скорость 1.0
2024-11-18 16:52:17,426 DEBUG Main: Создание Horse, имя 1, скорость 1.0
2024-11-18 16:52:17,426 DEBUG Main: Создание Horse, имя 2, скорость 1.0
2024-11-18 16:52:17,427 DEBUG Main: Создание Horse, имя 3, скорость 1.0
2024-11-18 16:52:17,427 DEBUG Main: Создание Horse, имя 4, скорость 1.0
2024-11-18 16:52:17,427 DEBUG Main: Создание Horse, имя 5, скорость 1.0
2024-11-18 16:52:17,428 DEBUG Main: Создание Horse, имя 6, скорость 1.0
2024-11-18 16:52:17,428 DEBUG Main: Создание Horse, имя 7, скорость 1.0
2024-11-18 16:52:17,428 DEBUG Main: Создание Horse, имя 8, скорость 1.0
2024-11-18 16:52:17,428 DEBUG Main: Создание Horse, имя 9, скорость 1.0
2024-11-18 16:52:17,428 DEBUG Main: Создание Horse, имя 10, скорость 1.0
2024-11-18 16:52:17,429 DEBUG Main: Создание Horse, имя 11, скорость 1.0
2024-11-18 16:52:17,429 DEBUG Main: Создание Horse, имя 12, скорость 1.0
2024-11-18 16:52:17,429 DEBUG Main: Создание Horse, имя 13, скорость 1.0
2024-11-18 16:52:17,429 DEBUG Main: Создание Horse, имя 14, скорость 1.0
2024-11-18 16:52:17,429 DEBUG Main: Создание Horse, имя 15, скорость 1.0
2024-11-18 16:52:17,430 DEBUG Main: Создание Horse, имя 16, скорость 1.0
2024-11-18 16:52:17,430 DEBUG Main: Создание Horse, имя 17, скорость 1.0
2024-11-18 16:52:17,430 DEBUG Main: Создание Horse, имя 18, скорость 1.0
2024-11-18 16:52:17,430 DEBUG Main: Создание Horse, имя 19, скорость 1.0
2024-11-18 16:52:17,431 DEBUG Main: Создание Horse, имя 20, скорость 1.0
2024-11-18 16:52:17,431 DEBUG Main: Создание Horse, имя 21, скорость 1.0
2024-11-18 16:52:17,431 DEBUG Main: Создание Horse, имя 22, скорость 1.0
2024-11-18 16:52:17,431 DEBUG Main: Создание Horse, имя 23, скорость 1.0
2024-11-18 16:52:17,431 DEBUG Main: Создание Horse, имя 24, скорость 1.0
2024-11-18 16:52:17,432 DEBUG Main: Создание Horse, имя 25, скорость 1.0
2024-11-18 16:52:17,432 DEBUG Main: Создание Horse, имя 26, скорость 1.0
2024-11-18 16:52:17,432 DEBUG Main: Создание Horse, имя 27, скорость 1.0
2024-11-18 16:52:17,432 DEBUG Main: Создание Horse, имя 28, скорость 1.0
2024-11-18 16:52:17,432 DEBUG Main: Создание Horse, имя 29, скорость 1.0
2024-11-18 16:52:17,433 DEBUG Main: Создание Hippodrome, лошадей 30
2024-11-18 16:52:17,735 DEBUG Main: Создание Horse, имя 0, скорость 1.0
2024-11-18 16:52:17,736 DEBUG Main: Создание Horse, имя 1, скорость 1.0
2024-11-18 16:52:17,736 DEBUG Main: Создание Horse, имя 2, скорость 1.0
2024-11-18 16:52:17,736 DEBUG Main: Создание Horse, имя 3, скорость 1.0
2024-11-18 16:52:17,736 DEBUG Main: Создание Horse, имя 4, скорость 1.0
2024-11-18 16:52:17,736 DEBUG Main: Создание Horse, имя 5, скорость 1.0
2024-11-18 16:52:17,737 DEBUG Main: Создание Horse, имя 6, скорость 1.0
2024-11-18 16:52:17,737 DEBUG Main: Создание Horse, имя 7, скорость 1.0
2024-11-18 16:52:17,737 DEBUG Main: Создание Horse, имя 8, скорость 1.0
2024-11-18 16:52:17,737 DEBUG Main: Создание Horse, имя 9, скорость 1.0
2024-11-18 16:52:17,737 DEBUG Main: Создание Horse, имя 10, скорость 1.0
2024-11-18 16:52:17,737 DEBUG Main: Создание Horse, имя 11, скорость 1.0
2024-11-18 16:52:17,738 DEBUG Main: Создание Horse, имя 12, скорость 1.0
2024-11-18 16:52:17,738 DEBUG Main: Создание Horse, имя 13, скорость 1.0
2024-11-18 16:52:17,738 DEBUG Main: Создание Horse, имя 14, скорость 1.0
2024-11-18 16:52:17,738 DEBUG Main: Создание Horse, имя 15, скорость 1.0
2024-11-18 16:52:17,738 DEBUG Main: Создание Horse, имя 16, скорость 1.0
2024-11-18 16:52:17,738 DEBUG Main: Создание Horse, имя 17, скорость 1.0
2024-11-18 16:52:17,738 DEBUG Main: Создание Horse, имя 18, скорость 1.0
2024-11-18 16:52:17,739 DEBUG Main: Создание Horse, имя 19, скорость 1.0
2024-11-18 16:52:17,739 DEBUG Main: Создание Horse, имя 20, скорость 1.0
2024-11-18 16:52:17,740 DEBUG Main: Создание Horse, имя 21, скорость 1.0
2024-11-18 16:52:17,740 DEBUG Main: Создание Horse, имя 22, скорость 1.0
2024-11-18 16:52:17,740 DEBUG Main: Создание Horse, имя 23, скорость 1.0
2024-11-18 16:52:17,741 DEBUG Main: Создание Horse, имя 24, скорость 1.0
2024-11-18 16:52:17,741 DEBUG Main: Создание Horse, имя 25, скорость 1.0
2024-11-18 16:52:17,741 DEBUG Main: Создание Horse, имя 26, скорость 1.0
2024-11-18 16:52:17,741 DEBUG Main: Создание Horse, имя 27, скорость 1.0
2024-11-18 16:52:17,741 DEBUG Main: Создание Horse, имя 28, скорость 1.0
2024-11-18 16:52:17,741 DEBUG Main: Создание Horse, имя 29, скорость 1.0
2024-11-18 16:52:17,741 DEBUG Main: Создание Hippodrome, лошадей 30
2024-11-18 16:52:17,746 ERROR Main: Horses list is empty
2024-11-18 16:52:28,784 DEBUG Main: Создание Horse, имя Лошадка, скорость 1.0
2024-11-18 16:52:29,014 DEBUG Main: Создание Horse, имя Лошадка, скорость 1.0
2024-11-18 16:52:29,037 ERROR Main: Name is blank
2024-11-18 16:52:29,048 DEBUG Main: Создание Horse, имя Лошадка, скорость 1.0
2024-11-18 16:52:29,049 ERROR Main: Name is blank
2024-11-18 16:52:29,053 DEBUG Main: Создание Horse, имя Лошадка, скорость 1.0
2024-11-18 16:52:29,054 ERROR Main: Name is blank
2024-11-18 16:52:29,059 DEBUG Main: Создание Horse, имя Лошадка, скорость 1.0
2024-11-18 16:52:29,060 ERROR Main: Distance is negative
2024-11-18 16:52:29,062 DEBUG Main: Создание Horse, имя Лошадка, скорость 1.0
2024-11-18 16:52:29,065 DEBUG Main: Создание Horse, имя Лошадка, скорость 1.0
2024-11-18 16:52:29,068 DEBUG Main: Создание Horse, имя Лошадка, скорость 1.0
2024-11-18 16:52:29,069 ERROR Main: Name is null
2024-11-18 16:52:29,076 DEBUG Main: Создание Horse, имя Лошадка, скорость 1.0
2024-11-18 16:52:29,077 ERROR Main: Name is blank
2024-11-18 16:52:29,081 DEBUG Main: Создание Horse, имя Лошадка, скорость 1.0
2024-11-18 16:52:29,082 ERROR Main: Name is blank
2024-11-18 16:52:29,087 DEBUG Main: Создание Horse, имя Лошадка, скорость 1.0
2024-11-18 16:52:29,088 ERROR Main: Name is blank
2024-11-18 16:52:29,093 DEBUG Main: Создание Horse, имя Лошадка, скорость 1.0
2024-11-18 16:52:29,093 ERROR Main: Name is null
2024-11-18 16:52:29,127 DEBUG Main: Создание Horse, имя Лошадка, скорость 1.0
2024-11-18 16:52:29,140 DEBUG Main: Создание Horse, имя Лошадка, скорость 1.0
2024-11-18 16:52:29,141 ERROR Main: Distance is negative
2024-11-18 16:52:29,144 DEBUG Main: Создание Horse, имя Лошадка, скорость 1.0
2024-11-18 16:52:29,147 DEBUG Main: Создание Horse, имя Лошадка, скорость 1.0
2024-11-18 16:52:29,147 DEBUG Main: Создание Horse, имя horse, скорость 1.0
2024-11-18 16:52:29,149 DEBUG Main: Создание Horse, имя Лошадка, скорость 1.0
2024-11-18 16:52:29,150 ERROR Main: Speed is negative
2024-11-18 16:52:29,154 DEBUG Main: Создание Horse, имя Лошадка, скорость 1.0
2024-11-18 16:52:29,155 ERROR Main: Speed is negative
2024-11-18 16:53:53,689 ERROR Main: Horses list is empty
2024-11-18 16:53:53,710 ERROR Main: Horses list is null
2024-11-18 16:53:53,714 ERROR Main: Horses list is null
2024-11-18 16:53:53,726 DEBUG Main: Создание Horse, имя 0, скорость 1.0
2024-11-18 16:53:53,726 DEBUG Main: Создание Horse, имя 1, скорость 1.0
2024-11-18 16:53:53,727 DEBUG Main: Создание Horse, имя 2, скорость 1.0
2024-11-18 16:53:53,727 DEBUG Main: Создание Horse, имя 3, скорость 1.0
2024-11-18 16:53:53,727 DEBUG Main: Создание Horse, имя 4, скорость 1.0
2024-11-18 16:53:53,727 DEBUG Main: Создание Horse, имя 5, скорость 1.0
2024-11-18 16:53:53,727 DEBUG Main: Создание Horse, имя 6, скорость 1.0
2024-11-18 16:53:53,728 DEBUG Main: Создание Horse, имя 7, скорость 1.0
2024-11-18 16:53:53,728 DEBUG Main: Создание Horse, имя 8, скорость 1.0
2024-11-18 16:53:53,728 DEBUG Main: Создание Horse, имя 9, скорость 1.0
2024-11-18 16:53:53,728 DEBUG Main: Создание Horse, имя 10, скорость 1.0
2024-11-18 16:53:53,728 DEBUG Main: Создание Horse, имя 11, скорость 1.0
2024-11-18 16:53:53,728 DEBUG Main: Создание Horse, имя 12, скорость 1.0
2024-11-18 16:53:53,729 DEBUG Main: Создание Horse, имя 13, скорость 1.0
2024-11-18 16:53:53,729 DEBUG Main: Создание Horse, имя 14, скорость 1.0
2024-11-18 16:53:53,729 DEBUG Main: Создание Horse, имя 15, скорость 1.0
2024-11-18 16:53:53,729 DEBUG Main: Создание Horse, имя 16, скорость 1.0
2024-11-18 16:53:53,729 DEBUG Main: Создание Horse, имя 17, скорость 1.0
2024-11-18 16:53:53,729 DEBUG Main: Создание Horse, имя 18, скорость 1.0
2024-11-18 16:53:53,729 DEBUG Main: Создание Horse, имя 19, скорость 1.0
2024-11-18 16:53:53,730 DEBUG Main: Создание Horse, имя 20, скорость 1.0
2024-11-18 16:53:53,730 DEBUG Main: Создание Horse, имя 21, скорость 1.0
2024-11-18 16:53:53,730 DEBUG Main: Создание Horse, имя 22, скорость 1.0
2024-11-18 16:53:53,730 DEBUG Main: Создание Horse, имя 23, скорость 1.0
2024-11-18 16:53:53,730 DEBUG Main: Создание Horse, имя 24, скорость 1.0
2024-11-18 16:53:53,730 DEBUG Main: Создание Horse, имя 25, скорость 1.0
2024-11-18 16:53:53,730 DEBUG Main: Создание Horse, имя 26, скорость 1.0
2024-11-18 16:53:53,730 DEBUG Main: Создание Horse, имя 27, скорость 1.0
2024-11-18 16:53:53,730 DEBUG Main: Создание Horse, имя 28, скорость 1.0
2024-11-18 16:53:53,731 DEBUG Main: Создание Horse, имя 29, скорость 1.0
2024-11-18 16:53:53,731 DEBUG Main: Создание Hippodrome, лошадей 30
2024-11-18 16:53:54,001 DEBUG Main: Создание Horse, имя 0, скорость 1.0
2024-11-18 16:53:54,001 DEBUG Main: Создание Horse, имя 1, скорость 1.0
2024-11-18 16:53:54,001 DEBUG Main: Создание Horse, имя 2, скорость 1.0
2024-11-18 16:53:54,001 DEBUG Main: Создание Horse, имя 3, скорость 1.0
2024-11-18 16:53:54,002 DEBUG Main: Создание Horse, имя 4, скорость 1.0
2024-11-18 16:53:54,002 DEBUG Main: Создание Horse, имя 5, скорость 1.0
2024-11-18 16:53:54,002 DEBUG Main: Создание Horse, имя 6, скорость 1.0
2024-11-18 16:53:54,002 DEBUG Main: Создание Horse, имя 7, скорость 1.0
2024-11-18 16:53:54,002 DEBUG Main: Создание Horse, имя 8, скорость 1.0
2024-11-18 16:53:54,002 DEBUG Main: Создание Horse, имя 9, скорость 1.0
2024-11-18 16:53:54,003 DEBUG Main: Создание Horse, имя 10, скорость 1.0
2024-11-18 16:53:54,003 DEBUG Main: Создание Horse, имя 11, скорость 1.0
2024-11-18 16:53:54,003 DEBUG Main: Создание Horse, имя 12, скорость 1.0
2024-11-18 16:53:54,003 DEBUG Main: Создание Horse, имя 13, скорость 1.0
2024-11-18 16:53:54,003 DEBUG Main: Создание Horse, имя 14, скорость 1.0
2024-11-18 16:53:54,004 DEBUG Main: Создание Horse, имя 15, скорость 1.0
2024-11-18 16:53:54,004 DEBUG Main: Создание Horse, имя 16, скорость 1.0
2024-11-18 16:53:54,004 DEBUG Main: Создание Horse, имя 17, скорость 1.0
2024-11-18 16:53:54,004 DEBUG Main: Создание Horse, имя 18, скорость 1.0
2024-11-18 16:53:54,004 DEBUG Main: Создание Horse, имя 19, скорость 1.0
2024-11-18 16:53:54,005 DEBUG Main: Создание Horse, имя 20, скорость 1.0
2024-11-18 16:53:54,005 DEBUG Main: Создание Horse, имя 21, скорость 1.0
2024-11-18 16:53:54,005 DEBUG Main: Создание Horse, имя 22, скорость 1.0
2024-11-18 16:53:54,005 DEBUG Main: Создание Horse, имя 23, скорость 1.0
2024-11-18 16:53:54,005 DEBUG Main: Создание Horse, имя 24, скорость 1.0
2024-11-18 16:53:54,005 DEBUG Main: Создание Horse, имя 25, скорость 1.0
2024-11-18 16:53:54,005 DEBUG Main: Создание Horse, имя 26, скорость 1.0
2024-11-18 16:53:54,006 DEBUG Main: Создание Horse, имя 27, скорость 1.0
2024-11-18 16:53:54,006 DEBUG Main: Создание Horse, имя 28, скорость 1.0
2024-11-18 16:53:54,006 DEBUG Main: Создание Horse, имя 29, скорость 1.0
2024-11-18 16:53:54,006 DEBUG Main: Создание Hippodrome, лошадей 30
2024-11-18 16:53:54,012 ERROR Main: Horses list is empty
2024-11-18 16:55:31,195 ERROR Main: Horses list is empty
2024-11-18 16:55:31,225 ERROR Main: Horses list is null
2024-11-18 16:55:31,230 ERROR Main: Horses list is null
2024-11-18 16:55:31,242 DEBUG Main: Создание Horse, имя 0, скорость 1.0
2024-11-18 16:55:31,242 DEBUG Main: Создание Horse, имя 1, скорость 1.0
2024-11-18 16:55:31,242 DEBUG Main: Создание Horse, имя 2, скорость 1.0
2024-11-18 16:55:31,243 DEBUG Main: Создание Horse, имя 3, скорость 1.0
2024-11-18 16:55:31,243 DEBUG Main: Создание Horse, имя 4, скорость 1.0
2024-11-18 16:55:31,243 DEBUG Main: Создание Horse, имя 5, скорость 1.0
2024-11-18 16:55:31,243 DEBUG Main: Создание Horse, имя 6, скорость 1.0
2024-11-18 16:55:31,243 DEBUG Main: Создание Horse, имя 7, скорость 1.0
2024-11-18 16:55:31,244 DEBUG Main: Создание Horse, имя 8, скорость 1.0
2024-11-18 16:55:31,244 DEBUG Main: Создание Horse, имя 9, скорость 1.0
2024-11-18 16:55:31,244 DEBUG Main: Создание Horse, имя 10, скорость 1.0
2024-11-18 16:55:31,244 DEBUG Main: Создание Horse, имя 11, скорость 1.0
2024-11-18 16:55:31,244 DEBUG Main: Создание Horse, имя 12, скорость 1.0
2024-11-18 16:55:31,245 DEBUG Main: Создание Horse, имя 13, скорость 1.0
2024-11-18 16:55:31,245 DEBUG Main: Создание Horse, имя 14, скорость 1.0
2024-11-18 16:55:31,245 DEBUG Main: Создание Horse, имя 15, скорость 1.0
2024-11-18 16:55:31,245 DEBUG Main: Создание Horse, имя 16, скорость 1.0
2024-11-18 16:55:31,245 DEBUG Main: Создание Horse, имя 17, скорость 1.0
2024-11-18 16:55:31,245 DEBUG Main: Создание Horse, имя 18, скорость 1.0
2024-11-18 16:55:31,245 DEBUG Main: Создание Horse, имя 19, скорость 1.0
2024-11-18 16:55:31,246 DEBUG Main: Создание Horse, имя 20, скорость 1.0
2024-11-18 16:55:31,246 DEBUG Main: Создание Horse, имя 21, скорость 1.0
2024-11-18 16:55:31,246 DEBUG Main: Создание Horse, имя 22, скорость 1.0
2024-11-18 16:55:31,246 DEBUG Main: Создание Horse, имя 23, скорость 1.0
2024-11-18 16:55:31,246 DEBUG Main: Создание Horse, имя 24, скорость 1.0
2024-11-18 16:55:31,246 DEBUG Main: Создание Horse, имя 25, скорость 1.0
2024-11-18 16:55:31,247 DEBUG Main: Создание Horse, имя 26, скорость 1.0
2024-11-18 16:55:31,247 DEBUG Main: Создание Horse, имя 27, скорость 1.0
2024-11-18 16:55:31,247 DEBUG Main: Создание Horse, имя 28, скорость 1.0
2024-11-18 16:55:31,247 DEBUG Main: Создание Horse, имя 29, скорость 1.0
2024-11-18 16:55:31,247 DEBUG Main: Создание Hippodrome, лошадей 30
2024-11-18 16:55:31,255 DEBUG Main: Создание Horse, имя 0, скорость 1.0
2024-11-18 16:55:31,255 DEBUG Main: Создание Horse, имя 1, скорость 1.0
2024-11-18 16:55:31,255 DEBUG Main: Создание Horse, имя 2, скорость 1.0
2024-11-18 16:55:31,255 DEBUG Main: Создание Horse, имя 3, скорость 1.0
2024-11-18 16:55:31,255 DEBUG Main: Создание Horse, имя 4, скорость 1.0
2024-11-18 16:55:31,256 DEBUG Main: Создание Horse, имя 5, скорость 1.0
2024-11-18 16:55:31,256 DEBUG Main: Создание Horse, имя 6, скорость 1.0
2024-11-18 16:55:31,256 DEBUG Main: Создание Horse, имя 7, скорость 1.0
2024-11-18 16:55:31,256 DEBUG Main: Создание Horse, имя 8, скорость 1.0
2024-11-18 16:55:31,256 DEBUG Main: Создание Horse, имя 9, скорость 1.0
2024-11-18 16:55:31,256 DEBUG Main: Создание Horse, имя 10, скорость 1.0
2024-11-18 16:55:31,257 DEBUG Main: Создание Horse, имя 11, скорость 1.0
2024-11-18 16:55:31,257 DEBUG Main: Создание Horse, имя 12, скорость 1.0
2024-11-18 16:55:31,257 DEBUG Main: Создание Horse, имя 13, скорость 1.0
2024-11-18 16:55:31,257 DEBUG Main: Создание Horse, имя 14, скорость 1.0
2024-11-18 16:55:31,257 DEBUG Main: Создание Horse, имя 15, скорость 1.0
2024-11-18 16:55:31,257 DEBUG Main: Создание Horse, имя 16, скорость 1.0
2024-11-18 16:55:31,257 DEBUG Main: Создание Horse, имя 17, скорость 1.0
2024-11-18 16:55:31,257 DEBUG Main: Создание Horse, имя 18, скорость 1.0
2024-11-18 16:55:31,258 DEBUG Main: Создание Horse, имя 19, скорость 1.0
2024-11-18 16:55:31,258 DEBUG Main: Создание Horse, имя 20, скорость 1.0
2024-11-18 16:55:31,258 DEBUG Main: Создание Horse, имя 21, скорость 1.0
2024-11-18 16:55:31,258 DEBUG Main: Создание Horse, имя 22, скорость 1.0
2024-11-18 16:55:31,258 DEBUG Main: Создание Horse, имя 23, скорость 1.0
2024-11-18 16:55:31,258 DEBUG Main: Создание Horse, имя 24, скорость 1.0
2024-11-18 16:55:31,259 DEBUG Main: Создание Horse, имя 25, скорость 1.0
2024-11-18 16:55:31,259 DEBUG Main: Создание Horse, имя 26, скорость 1.0
2024-11-18 16:55:31,259 DEBUG Main: Создание Horse, имя 27, скорость 1.0
2024-11-18 16:55:31,259 DEBUG Main: Создание Horse, имя 28, скорость 1.0
2024-11-18 16:55:31,259 DEBUG Main: Создание Horse, имя 29, скорость 1.0
2024-11-18 16:55:31,259 DEBUG Main: Создание Hippodrome, лошадей 30
2024-11-18 16:55:31,263 ERROR Main: Horses list is empty
2024-11-18 16:55:39,805 DEBUG Main: Создание Horse, имя Лошадка, скорость 1.0
2024-11-18 16:55:40,050 DEBUG Main: Создание Horse, имя Лошадка, скорость 1.0
2024-11-18 16:55:40,075 ERROR Main: Name is blank
2024-11-18 16:55:40,087 DEBUG Main: Создание Horse, имя Лошадка, скорость 1.0
2024-11-18 16:55:40,088 ERROR Main: Name is blank
2024-11-18 16:55:40,093 DEBUG Main: Создание Horse, имя Лошадка, скорость 1.0
2024-11-18 16:55:40,093 ERROR Main: Name is blank
2024-11-18 16:55:40,097 DEBUG Main: Создание Horse, имя Лошадка, скорость 1.0
2024-11-18 16:55:40,098 ERROR Main: Distance is negative
2024-11-18 16:55:40,101 DEBUG Main: Создание Horse, имя Лошадка, скорость 1.0
2024-11-18 16:55:40,105 DEBUG Main: Создание Horse, имя Лошадка, скорость 1.0
2024-11-18 16:55:40,109 DEBUG Main: Создание Horse, имя Лошадка, скорость 1.0
2024-11-18 16:55:40,110 ERROR Main: Name is null
2024-11-18 16:55:40,118 DEBUG Main: Создание Horse, имя Лошадка, скорость 1.0
2024-11-18 16:55:40,119 ERROR Main: Name is blank
2024-11-18 16:55:40,123 DEBUG Main: Создание Horse, имя Лошадка, скорость 1.0
2024-11-18 16:55:40,124 ERROR Main: Name is blank
2024-11-18 16:55:40,128 DEBUG Main: Создание Horse, имя Лошадка, скорость 1.0
2024-11-18 16:55:40,129 ERROR Main: Name is blank
2024-11-18 16:55:40,132 DEBUG Main: Создание Horse, имя Лошадка, скорость 1.0
2024-11-18 16:55:40,133 ERROR Main: Name is null
2024-11-18 16:55:40,169 DEBUG Main: Создание Horse, имя Лошадка, скорость 1.0
2024-11-18 16:55:40,182 DEBUG Main: Создание Horse, имя Лошадка, скорость 1.0
2024-11-18 16:55:40,184 ERROR Main: Distance is negative
2024-11-18 16:55:40,187 DEBUG Main: Создание Horse, имя Лошадка, скорость 1.0
2024-11-18 16:55:40,189 DEBUG Main: Создание Horse, имя Лошадка, скорость 1.0
2024-11-18 16:55:40,190 DEBUG Main: Создание Horse, имя horse, скорость 1.0
2024-11-18 16:55:40,193 DEBUG Main: Создание Horse, имя Лошадка, скорость 1.0
2024-11-18 16:55:40,194 ERROR Main: Speed is negative
2024-11-18 16:55:40,196 DEBUG Main: Создание Horse, имя Лошадка, скорость 1.0
2024-11-18 16:55:40,197 ERROR Main: Speed is negative
2024-11-18 17:04:41,678 ERROR Main: Horses list is empty
2024-11-18 17:04:41,700 ERROR Main: Horses list is null
2024-11-18 17:04:41,704 ERROR Main: Horses list is null
2024-11-18 17:04:41,716 DEBUG Main: Создание Horse, имя 0, скорость 1.0
2024-11-18 17:04:41,717 DEBUG Main: Создание Horse, имя 1, скорость 1.0
2024-11-18 17:04:41,717 DEBUG Main: Создание Horse, имя 2, скорость 1.0
2024-11-18 17:04:41,717 DEBUG Main: Создание Horse, имя 3, скорость 1.0
2024-11-18 17:04:41,718 DEBUG Main: Создание Horse, имя 4, скорость 1.0
2024-11-18 17:04:41,718 DEBUG Main: Создание Horse, имя 5, скорость 1.0
2024-11-18 17:04:41,718 DEBUG Main: Создание Horse, имя 6, скорость 1.0
2024-11-18 17:04:41,718 DEBUG Main: Создание Horse, имя 7, скорость 1.0
2024-11-18 17:04:41,718 DEBUG Main: Создание Horse, имя 8, скорость 1.0
2024-11-18 17:04:41,719 DEBUG Main: Создание Horse, имя 9, скорость 1.0
2024-11-18 17:04:41,719 DEBUG Main: Создание Horse, имя 10, скорость 1.0
2024-11-18 17:04:41,719 DEBUG Main: Создание Horse, имя 11, скорость 1.0
2024-11-18 17:04:41,719 DEBUG Main: Создание Horse, имя 12, скорость 1.0
2024-11-18 17:04:41,719 DEBUG Main: Создание Horse, имя 13, скорость 1.0
2024-11-18 17:04:41,719 DEBUG Main: Создание Horse, имя 14, скорость 1.0
2024-11-18 17:04:41,719 DEBUG Main: Создание Horse, имя 15, скорость 1.0
2024-11-18 17:04:41,720 DEBUG Main: Создание Horse, имя 16, скорость 1.0
2024-11-18 17:04:41,720 DEBUG Main: Создание Horse, имя 17, скорость 1.0
2024-11-18 17:04:41,720 DEBUG Main: Создание Horse, имя 18, скорость 1.0
2024-11-18 17:04:41,720 DEBUG Main: Создание Horse, имя 19, скорость 1.0
2024-11-18 17:04:41,720 DEBUG Main: Создание Horse, имя 20, скорость 1.0
2024-11-18 17:04:41,720 DEBUG Main: Создание Horse, имя 21, скорость 1.0
2024-11-18 17:04:41,720 DEBUG Main: Создание Horse, имя 22, скорость 1.0
2024-11-18 17:04:41,721 DEBUG Main: Создание Horse, имя 23, скорость 1.0
2024-11-18 17:04:41,721 DEBUG Main: Создание Horse, имя 24, скорость 1.0
2024-11-18 17:04:41,721 DEBUG Main: Создание Horse, имя 25, скорость 1.0
2024-11-18 17:04:41,721 DEBUG Main: Создание Horse, имя 26, скорость 1.0
2024-11-18 17:04:41,721 DEBUG Main: Создание Horse, имя 27, скорость 1.0
2024-11-18 17:04:41,721 DEBUG Main: Создание Horse, имя 28, скорость 1.0
2024-11-18 17:04:41,721 DEBUG Main: Создание Horse, имя 29, скорость 1.0
2024-11-18 17:04:41,722 DEBUG Main: Создание Hippodrome, лошадей 30
2024-11-18 17:04:41,986 DEBUG Main: Создание Horse, имя 0, скорость 1.0
2024-11-18 17:04:41,986 DEBUG Main: Создание Horse, имя 1, скорость 1.0
2024-11-18 17:04:41,987 DEBUG Main: Создание Horse, имя 2, скорость 1.0
2024-11-18 17:04:41,987 DEBUG Main: Создание Horse, имя 3, скорость 1.0
2024-11-18 17:04:41,987 DEBUG Main: Создание Horse, имя 4, скорость 1.0
2024-11-18 17:04:41,987 DEBUG Main: Создание Horse, имя 5, скорость 1.0
2024-11-18 17:04:41,987 DEBUG Main: Создание Horse, имя 6, скорость 1.0
2024-11-18 17:04:41,987 DEBUG Main: Создание Horse, имя 7, скорость 1.0
2024-11-18 17:04:41,987 DEBUG Main: Создание Horse, имя 8, скорость 1.0
2024-11-18 17:04:41,988 DEBUG Main: Создание Horse, имя 9, скорость 1.0
2024-11-18 17:04:41,988 DEBUG Main: Создание Horse, имя 10, скорость 1.0
2024-11-18 17:04:41,988 DEBUG Main: Создание Horse, имя 11, скорость 1.0
2024-11-18 17:04:41,988 DEBUG Main: Создание Horse, имя 12, скорость 1.0
2024-11-18 17:04:41,988 DEBUG Main: Создание Horse, имя 13, скорость 1.0
2024-11-18 17:04:41,988 DEBUG Main: Создание Horse, имя 14, скорость 1.0
2024-11-18 17:04:41,989 DEBUG Main: Создание Horse, имя 15, скорость 1.0
2024-11-18 17:04:41,989 DEBUG Main: Создание Horse, имя 16, скорость 1.0
2024-11-18 17:04:41,989 DEBUG Main: Создание Horse, имя 17, скорость 1.0
2024-11-18 17:04:41,989 DEBUG Main: Создание Horse, имя 18, скорость 1.0
2024-11-18 17:04:41,989 DEBUG Main: Создание Horse, имя 19, скорость 1.0
2024-11-18 17:04:41,989 DEBUG Main: Создание Horse, имя 20, скорость 1.0
2024-11-18 17:04:41,990 DEBUG Main: Создание Horse, имя 21, скорость 1.0
2024-11-18 17:04:41,990 DEBUG Main: Создание Horse, имя 22, скорость 1.0
2024-11-18 17:04:41,990 DEBUG Main: Создание Horse, имя 23, скорость 1.0
2024-11-18 17:04:41,990 DEBUG Main: Создание Horse, имя 24, скорость 1.0
2024-11-18 17:04:41,990 DEBUG Main: Создание Horse, имя 25, скорость 1.0
2024-11-18 17:04:41,990 DEBUG Main: Создание Horse, имя 26, скорость 1.0
2024-11-18 17:04:41,990 DEBUG Main: Создание Horse, имя 27, скорость 1.0
2024-11-18 17:04:41,991 DEBUG Main: Создание Horse, имя 28, скорость 1.0
2024-11-18 17:04:41,991 DEBUG Main: Создание Horse, имя 29, скорость 1.0
2024-11-18 17:04:41,991 DEBUG Main: Создание Hippodrome, лошадей 30
2024-11-18 17:04:41,996 ERROR Main: Horses list is empty
2024-11-18 17:23:31,725 ERROR Main: Horses list is empty
2024-11-18 17:23:31,740 ERROR Main: Horses list is null
2024-11-18 17:23:31,745 ERROR Main: Horses list is null
2024-11-18 17:23:31,757 DEBUG Main: Создание Horse, имя 0, скорость 1.0
2024-11-18 17:23:31,757 DEBUG Main: Создание Horse, имя 1, скорость 1.0
2024-11-18 17:23:31,757 DEBUG Main: Создание Horse, имя 2, скорость 1.0
2024-11-18 17:23:31,758 DEBUG Main: Создание Horse, имя 3, скорость 1.0
2024-11-18 17:23:31,758 DEBUG Main: Создание Horse, имя 4, скорость 1.0
2024-11-18 17:23:31,758 DEBUG Main: Создание Horse, имя 5, скорость 1.0
2024-11-18 17:23:31,758 DEBUG Main: Создание Horse, имя 6, скорость 1.0
2024-11-18 17:23:31,758 DEBUG Main: Создание Horse, имя 7, скорость 1.0
2024-11-18 17:23:31,758 DEBUG Main: Создание Horse, имя 8, скорость 1.0
2024-11-18 17:23:31,758 DEBUG Main: Создание Horse, имя 9, скорость 1.0
2024-11-18 17:23:31,759 DEBUG Main: Создание Horse, имя 10, скорость 1.0
2024-11-18 17:23:31,759 DEBUG Main: Создание Horse, имя 11, скорость 1.0
2024-11-18 17:23:31,759 DEBUG Main: Создание Horse, имя 12, скорость 1.0
2024-11-18 17:23:31,759 DEBUG Main: Создание Horse, имя 13, скорость 1.0
2024-11-18 17:23:31,759 DEBUG Main: Создание Horse, имя 14, скорость 1.0
2024-11-18 17:23:31,759 DEBUG Main: Создание Horse, имя 15, скорость 1.0
2024-11-18 17:23:31,760 DEBUG Main: Создание Horse, имя 16, скорость 1.0
2024-11-18 17:23:31,760 DEBUG Main: Создание Horse, имя 17, скорость 1.0
2024-11-18 17:23:31,760 DEBUG Main: Создание Horse, имя 18, скорость 1.0
2024-11-18 17:23:31,760 DEBUG Main: Создание Horse, имя 19, скорость 1.0
2024-11-18 17:23:31,760 DEBUG Main: Создание Horse, имя 20, скорость 1.0
2024-11-18 17:23:31,760 DEBUG Main: Создание Horse, имя 21, скорость 1.0
2024-11-18 17:23:31,760 DEBUG Main: Создание Horse, имя 22, скорость 1.0
2024-11-18 17:23:31,761 DEBUG Main: Создание Horse, имя 23, скорость 1.0
2024-11-18 17:23:31,761 DEBUG Main: Создание Horse, имя 24, скорость 1.0
2024-11-18 17:23:31,761 DEBUG Main: Создание Horse, имя 25, скорость 1.0
2024-11-18 17:23:31,761 DEBUG Main: Создание Horse, имя 26, скорость 1.0
2024-11-18 17:23:31,761 DEBUG Main: Создание Horse, имя 27, скорость 1.0
2024-11-18 17:23:31,761 DEBUG Main: Создание Horse, имя 28, скорость 1.0
2024-11-18 17:23:31,761 DEBUG Main: Создание Horse, имя 29, скорость 1.0
2024-11-18 17:23:31,761 DEBUG Main: Создание Hippodrome, лошадей 30
2024-11-18 17:23:32,710 DEBUG Main: Создание Horse, имя 0, скорость 1.0
2024-11-18 17:23:32,710 DEBUG Main: Создание Horse, имя 1, скорость 1.0
2024-11-18 17:23:32,710 DEBUG Main: Создание Horse, имя 2, скорость 1.0
2024-11-18 17:23:32,710 DEBUG Main: Создание Horse, имя 3, скорость 1.0
2024-11-18 17:23:32,710 DEBUG Main: Создание Horse, имя 4, скорость 1.0
2024-11-18 17:23:32,711 DEBUG Main: Создание Horse, имя 5, скорость 1.0
2024-11-18 17:23:32,711 DEBUG Main: Создание Horse, имя 6, скорость 1.0
2024-11-18 17:23:32,711 DEBUG Main: Создание Horse, имя 7, скорость 1.0
2024-11-18 17:23:32,711 DEBUG Main: Создание Horse, имя 8, скорость 1.0
2024-11-18 17:23:32,711 DEBUG Main: Создание Horse, имя 9, скорость 1.0
2024-11-18 17:23:32,711 DEBUG Main: Создание Horse, имя 10, скорость 1.0
2024-11-18 17:23:32,711 DEBUG Main: Создание Horse, имя 11, скорость 1.0
2024-11-18 17:23:32,711 DEBUG Main: Создание Horse, имя 12, скорость 1.0
2024-11-18 17:23:32,712 DEBUG Main: Создание Horse, имя 13, скорость 1.0
2024-11-18 17:23:32,712 DEBUG Main: Создание Horse, имя 14, скорость 1.0
2024-11-18 17:23:32,712 DEBUG Main: Создание Horse, имя 15, скорость 1.0
2024-11-18 17:23:32,712 DEBUG Main: Создание Horse, имя 16, скорость 1.0
2024-11-18 17:23:32,712 DEBUG Main: Создание Horse, имя 17, скорость 1.0
2024-11-18 17:23:32,712 DEBUG Main: Создание Horse, имя 18, скорость 1.0
2024-11-18 17:23:32,712 DEBUG Main: Создание Horse, имя 19, скорость 1.0
2024-11-18 17:23:32,712 DEBUG Main: Создание Horse, имя 20, скорость 1.0
2024-11-18 17:23:32,713 DEBUG Main: Создание Horse, имя 21, скорость 1.0
2024-11-18 17:23:32,713 DEBUG Main: Создание Horse, имя 22, скорость 1.0
2024-11-18 17:23:32,713 DEBUG Main: Создание Horse, имя 23, скорость 1.0
2024-11-18 17:23:32,713 DEBUG Main: Создание Horse, имя 24, скорость 1.0
2024-11-18 17:23:32,713 DEBUG Main: Создание Horse, имя 25, скорость 1.0
2024-11-18 17:23:32,713 DEBUG Main: Создание Horse, имя 26, скорость 1.0
2024-11-18 17:23:32,713 DEBUG Main: Создание Horse, имя 27, скорость 1.0
2024-11-18 17:23:32,713 DEBUG Main: Создание Horse, имя 28, скорость 1.0
2024-11-18 17:23:32,713 DEBUG Main: Создание Horse, имя 29, скорость 1.0
2024-11-18 17:23:32,713 DEBUG Main: Создание Hippodrome, лошадей 30
2024-11-18 17:23:32,717 ERROR Main: Horses list is empty
2024-11-18 17:28:43,883 ERROR Main: Horses list is empty
2024-11-18 17:28:43,904 ERROR Main: Horses list is null
2024-11-18 17:28:43,907 ERROR Main: Horses list is null
2024-11-18 17:28:43,925 DEBUG Main: Создание Horse, имя 0, скорость 1.0
2024-11-18 17:28:43,925 DEBUG Main: Создание Horse, имя 1, скорость 1.0
2024-11-18 17:28:43,925 DEBUG Main: Создание Horse, имя 2, скорость 1.0
2024-11-18 17:28:43,926 DEBUG Main: Создание Horse, имя 3, скорость 1.0
2024-11-18 17:28:43,926 DEBUG Main: Создание Horse, имя 4, скорость 1.0
2024-11-18 17:28:43,926 DEBUG Main: Создание Horse, имя 5, скорость 1.0
2024-11-18 17:28:43,926 DEBUG Main: Создание Horse, имя 6, скорость 1.0
2024-11-18 17:28:43,926 DEBUG Main: Создание Horse, имя 7, скорость 1.0
2024-11-18 17:28:43,927 DEBUG Main: Создание Horse, имя 8, скорость 1.0
2024-11-18 17:28:43,927 DEBUG Main: Создание Horse, имя 9, скорость 1.0
2024-11-18 17:28:43,927 DEBUG Main: Создание Horse, имя 10, скорость 1.0
2024-11-18 17:28:43,927 DEBUG Main: Создание Horse, имя 11, скорость 1.0
2024-11-18 17:28:43,927 DEBUG Main: Создание Horse, имя 12, скорость 1.0
2024-11-18 17:28:43,928 DEBUG Main: Создание Horse, имя 13, скорость 1.0
2024-11-18 17:28:43,928 DEBUG Main: Создание Horse, имя 14, скорость 1.0
2024-11-18 17:28:43,928 DEBUG Main: Создание Horse, имя 15, скорость 1.0
2024-11-18 17:28:43,928 DEBUG Main: Создание Horse, имя 16, скорость 1.0
2024-11-18 17:28:43,928 DEBUG Main: Создание Horse, имя 17, скорость 1.0
2024-11-18 17:28:43,928 DEBUG Main: Создание Horse, имя 18, скорость 1.0
2024-11-18 17:28:43,928 DEBUG Main: Создание Horse, имя 19, скорость 1.0
2024-11-18 17:28:43,929 DEBUG Main: Создание Horse, имя 20, скорость 1.0
2024-11-18 17:28:43,929 DEBUG Main: Создание Horse, имя 21, скорость 1.0
2024-11-18 17:28:43,929 DEBUG Main: Создание Horse, имя 22, скорость 1.0
2024-11-18 17:28:43,929 DEBUG Main: Создание Horse, имя 23, скорость 1.0
2024-11-18 17:28:43,929 DEBUG Main: Создание Horse, имя 24, скорость 1.0
2024-11-18 17:28:43,929 DEBUG Main: Создание Horse, имя 25, скорость 1.0
2024-11-18 17:28:43,929 DEBUG Main: Создание Horse, имя 26, скорость 1.0
2024-11-18 17:28:43,929 DEBUG Main: Создание Horse, имя 27, скорость 1.0
2024-11-18 17:28:43,930 DEBUG Main: Создание Horse, имя 28, скорость 1.0
2024-11-18 17:28:43,930 DEBUG Main: Создание Horse, имя 29, скорость 1.0
2024-11-18 17:28:43,930 DEBUG Main: Создание Hippodrome, лошадей 30
2024-11-18 17:28:45,320 DEBUG Main: Создание Hippodrome, лошадей 50
2024-11-18 17:28:45,395 DEBUG Main: Создание Horse, имя 0, скорость 1.0
2024-11-18 17:28:45,395 DEBUG Main: Создание Horse, имя 1, скорость 1.0
2024-11-18 17:28:45,395 DEBUG Main: Создание Horse, имя 2, скорость 1.0
2024-11-18 17:28:45,395 DEBUG Main: Создание Horse, имя 3, скорость 1.0
2024-11-18 17:28:45,395 DEBUG Main: Создание Horse, имя 4, скорость 1.0
2024-11-18 17:28:45,395 DEBUG Main: Создание Horse, имя 5, скорость 1.0
2024-11-18 17:28:45,395 DEBUG Main: Создание Horse, имя 6, скорость 1.0
2024-11-18 17:28:45,395 DEBUG Main: Создание Horse, имя 7, скорость 1.0
2024-11-18 17:28:45,396 DEBUG Main: Создание Horse, имя 8, скорость 1.0
2024-11-18 17:28:45,396 DEBUG Main: Создание Horse, имя 9, скорость 1.0
2024-11-18 17:28:45,396 DEBUG Main: Создание Horse, имя 10, скорость 1.0
2024-11-18 17:28:45,396 DEBUG Main: Создание Horse, имя 11, скорость 1.0
2024-11-18 17:28:45,396 DEBUG Main: Создание Horse, имя 12, скорость 1.0
2024-11-18 17:28:45,396 DEBUG Main: Создание Horse, имя 13, скорость 1.0
2024-11-18 17:28:45,396 DEBUG Main: Создание Horse, имя 14, скорость 1.0
2024-11-18 17:28:45,396 DEBUG Main: Создание Horse, имя 15, скорость 1.0
2024-11-18 17:28:45,396 DEBUG Main: Создание Horse, имя 16, скорость 1.0
2024-11-18 17:28:45,397 DEBUG Main: Создание Horse, имя 17, скорость 1.0
2024-11-18 17:28:45,397 DEBUG Main: Создание Horse, имя 18, скорость 1.0
2024-11-18 17:28:45,397 DEBUG Main: Создание Horse, имя 19, скорость 1.0
2024-11-18 17:28:45,397 DEBUG Main: Создание Horse, имя 20, скорость 1.0
2024-11-18 17:28:45,397 DEBUG Main: Создание Horse, имя 21, скорость 1.0
2024-11-18 17:28:45,397 DEBUG Main: Создание Horse, имя 22, скорость 1.0
2024-11-18 17:28:45,397 DEBUG Main: Создание Horse, имя 23, скорость 1.0
2024-11-18 17:28:45,397 DEBUG Main: Создание Horse, имя 24, скорость 1.0
2024-11-18 17:28:45,397 DEBUG Main: Создание Horse, имя 25, скорость 1.0
2024-11-18 17:28:45,397 DEBUG Main: Создание Horse, имя 26, скорость 1.0
2024-11-18 17:28:45,398 DEBUG Main: Создание Horse, имя 27, скорость 1.0
2024-11-18 17:28:45,398 DEBUG Main: Создание Horse, имя 28, скорость 1.0
2024-11-18 17:28:45,398 DEBUG Main: Создание Horse, имя 29, скорость 1.0
2024-11-18 17:28:45,398 DEBUG Main: Создание Hippodrome, лошадей 30
2024-11-18 17:28:45,401 ERROR Main: Horses list is empty
2024-11-18 17:28:45,461 DEBUG Main: Создание Horse, имя Лошадка, скорость 1.0
2024-11-18 17:28:45,518 DEBUG Main: Создание Horse, имя Лошадка, скорость 1.0
2024-11-18 17:28:45,536 ERROR Main: Name is blank
2024-11-18 17:28:45,543 DEBUG Main: Создание Horse, имя Лошадка, скорость 1.0
2024-11-18 17:28:45,544 ERROR Main: Name is blank
2024-11-18 17:28:45,547 DEBUG Main: Создание Horse, имя Лошадка, скорость 1.0
2024-11-18 17:28:45,547 ERROR Main: Name is blank
2024-11-18 17:28:45,551 DEBUG Main: Создание Horse, имя Лошадка, скорость 1.0
2024-11-18 17:28:45,552 ERROR Main: Distance is negative
2024-11-18 17:28:45,554 DEBUG Main: Создание Horse, имя Лошадка, скорость 1.0
2024-11-18 17:28:45,557 DEBUG Main: Создание Horse, имя Лошадка, скорость 1.0
2024-11-18 17:28:45,560 DEBUG Main: Создание Horse, имя Лошадка, скорость 1.0
2024-11-18 17:28:45,561 ERROR Main: Name is null
2024-11-18 17:28:45,566 DEBUG Main: Создание Horse, имя Лошадка, скорость 1.0
2024-11-18 17:28:45,567 ERROR Main: Name is blank
2024-11-18 17:28:45,570 DEBUG Main: Создание Horse, имя Лошадка, скорость 1.0
2024-11-18 17:28:45,570 ERROR Main: Name is blank
2024-11-18 17:28:45,574 DEBUG Main: Создание Horse, имя Лошадка, скорость 1.0
2024-11-18 17:28:45,574 ERROR Main: Name is blank
2024-11-18 17:28:45,577 DEBUG Main: Создание Horse, имя Лошадка, скорость 1.0
2024-11-18 17:28:45,577 ERROR Main: Name is null
2024-11-18 17:28:45,609 DEBUG Main: Создание Horse, имя Лошадка, скорость 1.0
2024-11-18 17:28:45,624 DEBUG Main: Создание Horse, имя Лошадка, скорость 1.0
2024-11-18 17:28:45,624 ERROR Main: Distance is negative
2024-11-18 17:28:45,628 DEBUG Main: Создание Horse, имя Лошадка, скорость 1.0
2024-11-18 17:28:45,631 DEBUG Main: Создание Horse, имя Лошадка, скорость 1.0
2024-11-18 17:28:45,631 DEBUG Main: Создание Horse, имя horse, скорость 1.0
2024-11-18 17:28:45,633 DEBUG Main: Создание Horse, имя Лошадка, скорость 1.0
2024-11-18 17:28:45,634 ERROR Main: Speed is negative
2024-11-18 17:28:45,637 DEBUG Main: Создание Horse, имя Лошадка, скорость 1.0
2024-11-18 17:28:45,637 ERROR Main: Speed is negative
