2024-11-11 18:11:12,729 ERROR Main^ Начало скачек. Количество участников: 7
2024-11-11 18:40:21,332 DEBUG Main: Создание Horse, имяBucephalus, скорость 2.4
2024-11-11 18:40:21,334 DEBUG Main: Создание Horse, имяAce of Spades, скорость 2.5
2024-11-11 18:40:21,334 DEBUG Main: Создание Horse, имяZephyr, скорость 2.6
2024-11-11 18:40:21,334 DEBUG Main: Создание Horse, имяBlaze, скорость 2.7
2024-11-11 18:40:21,334 DEBUG Main: Создание Horse, имяLobster, скорость 2.8
2024-11-11 18:40:21,334 DEBUG Main: Создание Horse, имяPegasus, скорость 2.9
2024-11-11 18:40:21,334 DEBUG Main: Создание Horse, имяCherry, скорость 3.0
2024-11-11 18:40:21,335 DEBUG Main: Создание Hippodrome, лошадей 7
2024-11-11 18:40:21,335 INFO  Main: Начало скачек. Количество участников: 7
2024-11-11 18:40:22,168 INFO  Main: Окончание скачек. Победитель: Pegasus
2024-11-11 18:41:14,240 DEBUG Main: Создание Horse, имя Bucephalus, скорость 2.4
2024-11-11 18:41:14,242 DEBUG Main: Создание Horse, имя Ace of Spades, скорость 2.5
2024-11-11 18:41:14,242 DEBUG Main: Создание Horse, имя Zephyr, скорость 2.6
2024-11-11 18:41:14,242 DEBUG Main: Создание Horse, имя Blaze, скорость 2.7
2024-11-11 18:41:14,242 DEBUG Main: Создание Horse, имя Lobster, скорость 2.8
2024-11-11 18:41:14,242 DEBUG Main: Создание Horse, имя Pegasus, скорость 2.9
2024-11-11 18:41:14,242 DEBUG Main: Создание Horse, имя Cherry, скорость 3.0
2024-11-11 18:41:14,243 DEBUG Main: Создание Hippodrome, лошадей 7
2024-11-11 18:41:14,243 INFO  Main: Начало скачек. Количество участников: 7
2024-11-11 18:41:34,789 INFO  Main: Окончание скачек. Победитель: Cherry
